<?xml version="1.0" encoding="UTF-8"?>
<testsuite xmlns:xsi="http://www.w3.org/2001/XMLSchema-instance" xsi:noNamespaceSchemaLocation="https://maven.apache.org/surefire/maven-surefire-plugin/xsd/surefire-test-report.xsd" name="TXTest" time="0.845" tests="3" errors="0" skipped="0" failures="0">
  <properties>
[...]
</properties>
  <testcase name="test1" classname="TXTest" time="0.44"/>
  <testcase name="test2" classname="TXTest" time="0"/>
  <testcase name="test3" classname="TXTest" time="0.245"/>
</testsuite>